<?xml version="1.0" encoding="UTF-8"?>
<testsuite xmlns:xsi="http://www.w3.org/2001/XMLSchema-instance" xsi:noNamespaceSchemaLocation="https://maven.apache.org/surefire/maven-surefire-plugin/xsd/surefire-test-report.xsd" name="br.unicamp.ic.inf335.beans.AnuncioBeanTest" time="0.001" tests="8" errors="0" skipped="0" failures="0">
  <properties>
[...]
</properties>
  <testcase name="testSetDesconto" classname="br.unicamp.ic.inf335.beans.AnuncioBeanTest" time="0"/>
  <testcase name="testGetDesconto" classname="br.unicamp.ic.inf335.beans.AnuncioBeanTest" time="0"/>
  <testcase name="testGetValor" classname="br.unicamp.ic.inf335.beans.AnuncioBeanTest" time="0"/>
  <testcase name="testGetProduto" classname="br.unicamp.ic.inf335.beans.AnuncioBeanTest" time="0"/>
  <testcase name="testGetSerialversionuid" classname="br.unicamp.ic.inf335.beans.AnuncioBeanTest" time="0"/>
  <testcase name="testSetFotosUrl" classname="br.unicamp.ic.inf335.beans.AnuncioBeanTest" time="0"/>
  <testcase name="testSetProduto" classname="br.unicamp.ic.inf335.beans.AnuncioBeanTest" time="0"/>
  <testcase name="testGetFotosUrl" classname="br.unicamp.ic.inf335.beans.AnuncioBeanTest" time="0"/>
</testsuite>